<?xml version="1.0" encoding="UTF-8"?>
<!-- Generated by org.testng.reporters.JUnitReportReporter -->
<testsuite hostname="LAPTOP-A71K545E" failures="0" tests="1" name="qsp.RunTimePolymorphism" time="11.766" errors="0" timestamp="2021-10-11T18:24:00 IST" skipped="0">
  <testcase classname="qsp.RunTimePolymorphism" name="testRuntime" time="11.766"/>
  <system-out/>
</testsuite> <!-- qsp.RunTimePolymorphism -->
