<?xml version="1.0" encoding="UTF-8"?>
<!-- Generated by org.testng.reporters.JUnitReportReporter -->
<testsuite hostname="LAPTOP-A71K545E" failures="0" tests="1" name="com.actitime.testscript.AllCheckBox" time="4.196" errors="0" timestamp="2021-10-15T17:40:18 IST" skipped="0">
  <testcase classname="com.actitime.testscript.AllCheckBox" name="testCheckBox" time="4.196"/>
  <system-out/>
</testsuite> <!-- com.actitime.testscript.AllCheckBox -->
