<?xml version="1.0" encoding="UTF-8"?>
<!-- Generated by org.testng.reporters.JUnitReportReporter -->
<testsuite hostname="LAPTOP-A71K545E" failures="0" tests="4" name="com.actitime.testscript.TestngDemo2" time="0.024" errors="0" timestamp="2021-10-07T17:19:11 IST" skipped="0">
  <testcase classname="com.actitime.testscript.TestngDemo2" name="register" time="0.004"/>
  <system-out>
    <![CDATA[Register]]>
  </system-out>
  <testcase classname="com.actitime.testscript.TestngDemo2" name="deleteUser" time="0.012"/>
  <system-out>
    <![CDATA[Delete User]]>
  </system-out>
  <testcase classname="com.actitime.testscript.TestngDemo2" name="editUser" time="0.003"/>
  <system-out>
    <![CDATA[Edit User]]>
  </system-out>
  <testcase classname="com.actitime.testscript.TestngDemo2" name="editUser" time="0.005"/>
  <system-out>
    <![CDATA[Edit User]]>
  </system-out>
</testsuite> <!-- com.actitime.testscript.TestngDemo2 -->
