<?xml version="1.0" encoding="UTF-8"?>
<!-- Generated by org.testng.reporters.JUnitReportReporter -->
<testsuite hostname="LAPTOP-A71K545E" failures="0" tests="2" name="com.actitime.testscript.Annotation_Customer_Module" time="0.040" errors="0" timestamp="2021-10-06T17:40:32 IST" skipped="0">
  <testcase classname="com.actitime.testscript.Annotation_Customer_Module" name="createCustomer" time="0.037"/>
  <system-out>
    <![CDATA[createCustomer]]>
  </system-out>
  <testcase classname="com.actitime.testscript.Annotation_Customer_Module" name="deleteCustomer" time="0.003"/>
  <system-out>
    <![CDATA[deleteCustomer]]>
  </system-out>
</testsuite> <!-- com.actitime.testscript.Annotation_Customer_Module -->
