<?xml version="1.0" encoding="UTF-8"?>
<!-- Generated by org.testng.reporters.JUnitReportReporter -->
<testsuite hostname="LAPTOP-A71K545E" failures="0" tests="1" name="com.actitime.testscript.TestClass" time="27.615" errors="0" timestamp="2021-10-14T18:38:33 IST" skipped="0">
  <testcase classname="com.actitime.testscript.TestClass" name="validLogin" time="27.615"/>
  <system-out/>
</testsuite> <!-- com.actitime.testscript.TestClass -->
